<?xml version="1.1" encoding="UTF-8"?>
<testsuite name="com.productsearch.config.CoreIntegrationTest" tests="1" failures="0" errors="0" timestamp="1970-01-01T00:00:00" hostname="Alices-MacBook-Pro.local" time="1.40192177743E9">
  <properties/>
  <testcase name="searchCreated" classname="com.productsearch.config.CoreIntegrationTest" time="0.321"/>
  <system-out><![CDATA[]]></system-out>
  <system-err><![CDATA[log4j:WARN No appenders could be found for logger (org.springframework.test.context.junit4.SpringJUnit4ClassRunner).
log4j:WARN Please initialize the log4j system properly.
log4j:WARN See http://logging.apache.org/log4j/1.2/faq.html#noconfig for more info.
]]></system-err>
</testsuite>
