<?xml version="1.1" encoding="UTF-8"?>
<testsuite name="com.productsearch.persistence.integration.ItemMappingIntegrationTests" tests="2" failures="0" errors="0" timestamp="2014-06-04T22:43:00" hostname="Alices-MacBook-Pro.local" time="0.202">
  <properties/>
  <testcase name="thatItemIsInsertedIntoCollectionHasCorrectIndexes" classname="com.productsearch.persistence.integration.ItemMappingIntegrationTests" time="0.194"/>
  <testcase name="thatItemCustomMappingWorks" classname="com.productsearch.persistence.integration.ItemMappingIntegrationTests" time="0.008"/>
  <system-out><![CDATA[]]></system-out>
  <system-err><![CDATA[]]></system-err>
</testsuite>
